<?xml version="1.0" encoding="UTF-8"?>
<!-- Generated by org.testng.reporters.JUnitXMLReporter -->
<testsuite ignored="0" hostname="LAPTOP-A45GL5JI" failures="1" tests="12" name="Regression Test" time="99.247" errors="0" timestamp="2024-04-18T10:57:33 IST">
  <testcase classname="test.HomePageTest" name="verifyHomePageTittle" time="0.895">
    <skipped/>
  </testcase> <!-- verifyHomePageTittle -->
  <testcase classname="test.HomePageTest" name="verifyHomePageTittle" time="0.092">
    <skipped/>
  </testcase> <!-- verifyHomePageTittle -->
  <testcase classname="test.HomePageTest" name="verifyHomePageTittle" time="0.084">
    <skipped/>
  </testcase> <!-- verifyHomePageTittle -->
  <testcase classname="test.HomePageTest" name="verifyHomePageTittle" time="0.09">
    <failure type="java.lang.AssertionError" message="invalid tittle expected [Demo Web Shop123] but found [Demo Web Shop]">
      <![CDATA[java.lang.AssertionError: invalid tittle expected [Demo Web Shop123] but found [Demo Web Shop]
at test.HomePageTest.verifyHomePageTittle(HomePageTest.java:23)
at java.base/java.util.ArrayList.forEach(ArrayList.java:1511)
... Removed 32 stack frames]]>
    </failure>
  </testcase> <!-- verifyHomePageTittle -->
  <testcase classname="test.HomePageTest" name="verifyCommunityPoolSelection" time="0.236"/>
  <testcase classname="test.LoginPageTest" name="verifyLoginPageTittle" time="0.867"/>
  <testcase classname="test.LoginPageTest" name="verifyUserLogin" time="2.0"/>
  <testcase classname="test.LoginPageTest" name="verifyUserLoginWithInvalidCredentials" time="1.587"/>
  <testcase classname="test.LoginPageTest" name="verifyUserLoginWithInvalidCredentials" time="1.627"/>
  <testcase classname="test.LoginPageTest" name="verifyUserLoginWithInvalidCredentials" time="1.539"/>
  <testcase classname="test.RegistrationPageTest" name="verifyUserRegister" time="3.253"/>
  <testcase classname="test.RegistrationPageTest" name="verifyRegisterPagetittle" time="0.637"/>
</testsuite> <!-- Regression Test -->
