<!DOCTYPE html PUBLIC "-//W3C//DTD XHTML 1.1//EN" "https://www.w3.org/TR/xhtml11/DTD/xhtml11.dtd">
<html xmlns="https://www.w3.org/1999/xhtml">
<head>
<meta http-equiv="content-type" content="text/html; charset=UTF-8"/>
<title>TestNG Report</title>
<style type="text/css">table {margin-bottom:10px;border-collapse:collapse;empty-cells:show}th,td {border:1px solid #009;padding:.25em .5em}th {vertical-align:bottom}td {vertical-align:top}table a {font-weight:bold}.stripe td {background-color: #E6EBF9}.num {text-align:right}.passedodd td {background-color: #3F3}.passedeven td {background-color: #0A0}.skippedodd td {background-color: #DDD}.skippedeven td {background-color: #CCC}.failedodd td,.attn {background-color: #F33}.failedeven td,.stripe .attn {background-color: #D00}.stacktrace {white-space:pre;font-family:monospace}.totop {font-size:85%;text-align:center;border-bottom:2px solid #000}.invisible {display:none}</style>
</head>
<body>
<table>
<tr><th>Test</th><th># Passed</th><th># Skipped</th><th># Retried</th><th># Failed</th><th>Time (ms)</th><th>Included Groups</th><th>Excluded Groups</th></tr>
<tr><th colspan="8">Functional Suite</th></tr>
<tr><td><a href="#t0">Regression Test</a></td><td class="num">8</td><td class="num">0</td><td class="num attn">3</td><td class="num attn">1</td><td class="num">99,247</td><td></td><td></td></tr>
</table>
<table id='summary'><thead><tr><th>Class</th><th>Method</th><th>Start</th><th>Time (ms)</th></tr></thead><tbody><tr><th colspan="4">Functional Suite</th></tr></tbody><tbody id="t0"><tr><th colspan="4">Regression Test &#8212; failed</th></tr><tr class="failedeven"><td rowspan="1">test.HomePageTest</td><td><a href="#m0">verifyHomePageTittle</a></td><td rowspan="1">1713417988096</td><td rowspan="1">90</td></tr><tr><th colspan="4">Regression Test &#8212; retried</th></tr><tr class="retriedeven"><td rowspan="3">test.HomePageTest</td><td><a href="#m1">verifyHomePageTittle</a></td><td rowspan="3">1713417967781</td><td rowspan="3">92</td></tr><tr class="retriedeven"><td><a href="#m2">verifyHomePageTittle</a></td></tr><tr class="retriedeven"><td><a href="#m3">verifyHomePageTittle</a></td></tr><tr><th colspan="4">Regression Test &#8212; passed</th></tr><tr class="passedeven"><td rowspan="1">test.HomePageTest</td><td><a href="#m4">verifyCommunityPoolSelection</a></td><td rowspan="1">1713417993683</td><td rowspan="1">236</td></tr><tr class="passedodd"><td rowspan="5">test.LoginPageTest</td><td><a href="#m5">verifyLoginPageTittle</a></td><td rowspan="1">1713418003637</td><td rowspan="1">867</td></tr><tr class="passedodd"><td><a href="#m6">verifyUserLogin</a></td><td rowspan="1">1713418014484</td><td rowspan="1">2000</td></tr><tr class="passedodd"><td><a href="#m7">verifyUserLoginWithInvalidCredentials</a></td><td rowspan="3">1713418037390</td><td rowspan="3">1539</td></tr><tr class="passedodd"><td><a href="#m8">verifyUserLoginWithInvalidCredentials</a></td></tr><tr class="passedodd"><td><a href="#m9">verifyUserLoginWithInvalidCredentials</a></td></tr><tr class="passedeven"><td rowspan="2">test.RegistrationPageTest</td><td><a href="#m10">verifyRegisterPagetittle</a></td><td rowspan="1">1713418052163</td><td rowspan="1">637</td></tr><tr class="passedeven"><td><a href="#m11">verifyUserRegister</a></td><td rowspan="1">1713418043764</td><td rowspan="1">3253</td></tr></tbody>
</table>
<h2>Regression Test</h2><h3 id="m0">test.HomePageTest#verifyHomePageTittle</h3><table class="result"><tr><th>Exception</th></tr><tr><td><div class="stacktrace">java.lang.AssertionError: invalid tittle expected [Demo Web Shop123] but found [Demo Web Shop]
	at test.HomePageTest.verifyHomePageTittle(HomePageTest.java:23)
	at java.base/java.util.ArrayList.forEach(ArrayList.java:1511)
... Removed 32 stack frames</div></td></tr></table><p class="totop"><a href="#summary">back to summary</a></p>
<h3 id="m1">test.HomePageTest#verifyHomePageTittle</h3><table class="result"><tr><th>Exception</th></tr><tr><td><div class="stacktrace">java.lang.AssertionError: invalid tittle expected [Demo Web Shop123] but found [Demo Web Shop]
	at test.HomePageTest.verifyHomePageTittle(HomePageTest.java:23)
	at java.base/java.util.ArrayList.forEach(ArrayList.java:1511)
... Removed 32 stack frames</div></td></tr></table><p class="totop"><a href="#summary">back to summary</a></p>
<h3 id="m2">test.HomePageTest#verifyHomePageTittle</h3><table class="result"><tr><th>Exception</th></tr><tr><td><div class="stacktrace">java.lang.AssertionError: invalid tittle expected [Demo Web Shop123] but found [Demo Web Shop]
	at test.HomePageTest.verifyHomePageTittle(HomePageTest.java:23)
	at java.base/java.util.ArrayList.forEach(ArrayList.java:1511)
... Removed 32 stack frames</div></td></tr></table><p class="totop"><a href="#summary">back to summary</a></p>
<h3 id="m3">test.HomePageTest#verifyHomePageTittle</h3><table class="result"><tr><th>Exception</th></tr><tr><td><div class="stacktrace">java.lang.AssertionError: invalid tittle expected [Demo Web Shop123] but found [Demo Web Shop]
	at test.HomePageTest.verifyHomePageTittle(HomePageTest.java:23)
	at java.base/java.util.ArrayList.forEach(ArrayList.java:1511)
... Removed 32 stack frames</div></td></tr></table><p class="totop"><a href="#summary">back to summary</a></p>
<h3 id="m4">test.HomePageTest#verifyCommunityPoolSelection</h3><table class="result"><tr><th class="invisible"/></tr></table><p class="totop"><a href="#summary">back to summary</a></p>
<h3 id="m5">test.LoginPageTest#verifyLoginPageTittle</h3><table class="result"><tr><th class="invisible"/></tr></table><p class="totop"><a href="#summary">back to summary</a></p>
<h3 id="m6">test.LoginPageTest#verifyUserLogin</h3><table class="result"><tr><th class="invisible"/></tr></table><p class="totop"><a href="#summary">back to summary</a></p>
<h3 id="m7">test.LoginPageTest#verifyUserLoginWithInvalidCredentials</h3><table class="result"><tr class="param"><th>Parameter #1</th><th>Parameter #2</th></tr><tr class="param stripe"><td>shameemathasnim.ma@gmail.com</td><td>Resiya123</td></tr></table><p class="totop"><a href="#summary">back to summary</a></p>
<h3 id="m8">test.LoginPageTest#verifyUserLoginWithInvalidCredentials</h3><table class="result"><tr class="param"><th>Parameter #1</th><th>Parameter #2</th></tr><tr class="param stripe"><td>shameemathasnim.ma123@gmail.com</td><td>shameema123</td></tr></table><p class="totop"><a href="#summary">back to summary</a></p>
<h3 id="m9">test.LoginPageTest#verifyUserLoginWithInvalidCredentials</h3><table class="result"><tr class="param"><th>Parameter #1</th><th>Parameter #2</th></tr><tr class="param stripe"><td>shameemathasnim.ma@gmail.com</td><td>shameema123</td></tr></table><p class="totop"><a href="#summary">back to summary</a></p>
<h3 id="m10">test.RegistrationPageTest#verifyRegisterPagetittle</h3><table class="result"><tr><th class="invisible"/></tr></table><p class="totop"><a href="#summary">back to summary</a></p>
<h3 id="m11">test.RegistrationPageTest#verifyUserRegister</h3><table class="result"><tr><th class="invisible"/></tr></table><p class="totop"><a href="#summary">back to summary</a></p>
</body>
</html>
