<?xml version="1.0" encoding="UTF-8"?>
<testng-results retried="3" ignored="3" total="15" passed="8" failed="1" skipped="0">
  <reporter-output>
  </reporter-output>
  <suite started-at="2024-04-18T10:55:53 IST" name="Functional Suite" finished-at="2024-04-18T10:57:33 IST" duration-ms="99247">
    <groups>
      <group name="Sanity">
        <method signature="HomePageTest.verifyCommunityPoolSelection()[pri:2, instance:test.HomePageTest@483f6d77]" name="verifyCommunityPoolSelection" class="test.HomePageTest"/>
        <method signature="LoginPageTest.verifyUserLoginWithInvalidCredentials(java.lang.String,java.lang.String)[pri:7, instance:test.LoginPageTest@56cdfb3b]" name="verifyUserLoginWithInvalidCredentials" class="test.LoginPageTest"/>
      </group> <!-- Sanity -->
      <group name="Regression">
        <method signature="HomePageTest.verifyHomePageTittle()[pri:1, instance:test.HomePageTest@483f6d77]" name="verifyHomePageTittle" class="test.HomePageTest"/>
        <method signature="RegistrationPageTest.verifyUserRegister()[pri:3, instance:test.RegistrationPageTest@2b91004a]" name="verifyUserRegister" class="test.RegistrationPageTest"/>
        <method signature="LoginPageTest.verifyUserLogin()[pri:6, instance:test.LoginPageTest@56cdfb3b]" name="verifyUserLogin" class="test.LoginPageTest"/>
      </group> <!-- Regression -->
      <group name="Smoke">
        <method signature="HomePageTest.verifyHomePageTittle()[pri:1, instance:test.HomePageTest@483f6d77]" name="verifyHomePageTittle" class="test.HomePageTest"/>
        <method signature="RegistrationPageTest.verifyRegisterPagetittle()[pri:4, instance:test.RegistrationPageTest@2b91004a]" name="verifyRegisterPagetittle" class="test.RegistrationPageTest"/>
        <method signature="LoginPageTest.verifyLoginPageTittle()[pri:5, instance:test.LoginPageTest@56cdfb3b]" name="verifyLoginPageTittle" class="test.LoginPageTest"/>
        <method signature="LoginPageTest.verifyUserLogin()[pri:6, instance:test.LoginPageTest@56cdfb3b]" name="verifyUserLogin" class="test.LoginPageTest"/>
      </group> <!-- Smoke -->
    </groups>
    <test started-at="2024-04-18T10:55:53 IST" name="Regression Test" finished-at="2024-04-18T10:57:33 IST" duration-ms="99247">
      <class name="test.RegistrationPageTest">
        <test-method is-config="true" signature="setup(java.lang.String,java.lang.String)[pri:0, instance:test.RegistrationPageTest@2b91004a]" started-at="2024-04-18T10:57:19 IST" name="setup" finished-at="2024-04-18T10:57:23 IST" duration-ms="4640" status="PASS">
          <params>
            <param index="0">
              <value>
                <![CDATA[Chrome]]>
              </value>
            </param>
            <param index="1">
              <value>
                <![CDATA[https://demowebshop.tricentis.com/]]>
              </value>
            </param>
          </params>
          <reporter-output>
          </reporter-output>
        </test-method> <!-- setup -->
        <test-method signature="verifyUserRegister()[pri:3, instance:test.RegistrationPageTest@2b91004a]" started-at="2024-04-18T10:57:23 IST" name="verifyUserRegister" finished-at="2024-04-18T10:57:27 IST" duration-ms="3253" status="PASS">
          <reporter-output>
          </reporter-output>
        </test-method> <!-- verifyUserRegister -->
        <test-method is-config="true" signature="closeBrowser(org.testng.ITestResult)[pri:0, instance:test.RegistrationPageTest@2b91004a]" started-at="2024-04-18T10:57:27 IST" name="closeBrowser" finished-at="2024-04-18T10:57:27 IST" duration-ms="190" status="PASS">
          <params>
            <param index="0">
              <value>
                <![CDATA[[TestResult name=verifyUserRegister status=SUCCESS method=RegistrationPageTest.verifyUserRegister()[pri:3, instance:test.RegistrationPageTest@2b91004a] output={null}]]]>
              </value>
            </param>
          </params>
          <reporter-output>
          </reporter-output>
        </test-method> <!-- closeBrowser -->
        <test-method is-config="true" signature="setup(java.lang.String,java.lang.String)[pri:0, instance:test.RegistrationPageTest@2b91004a]" started-at="2024-04-18T10:57:27 IST" name="setup" finished-at="2024-04-18T10:57:32 IST" duration-ms="4952" status="PASS">
          <params>
            <param index="0">
              <value>
                <![CDATA[Chrome]]>
              </value>
            </param>
            <param index="1">
              <value>
                <![CDATA[https://demowebshop.tricentis.com/]]>
              </value>
            </param>
          </params>
          <reporter-output>
          </reporter-output>
        </test-method> <!-- setup -->
        <test-method signature="verifyRegisterPagetittle()[pri:4, instance:test.RegistrationPageTest@2b91004a]" started-at="2024-04-18T10:57:32 IST" name="verifyRegisterPagetittle" finished-at="2024-04-18T10:57:32 IST" duration-ms="637" status="PASS">
          <reporter-output>
          </reporter-output>
        </test-method> <!-- verifyRegisterPagetittle -->
        <test-method is-config="true" signature="closeBrowser(org.testng.ITestResult)[pri:0, instance:test.RegistrationPageTest@2b91004a]" started-at="2024-04-18T10:57:32 IST" name="closeBrowser" finished-at="2024-04-18T10:57:33 IST" duration-ms="201" status="PASS">
          <params>
            <param index="0">
              <value>
                <![CDATA[[TestResult name=verifyRegisterPagetittle status=SUCCESS method=RegistrationPageTest.verifyRegisterPagetittle()[pri:4, instance:test.RegistrationPageTest@2b91004a] output={null}]]]>
              </value>
            </param>
          </params>
          <reporter-output>
          </reporter-output>
        </test-method> <!-- closeBrowser -->
      </class> <!-- test.RegistrationPageTest -->
      <class name="test.HomePageTest">
        <test-method is-config="true" signature="setup(java.lang.String,java.lang.String)[pri:0, instance:test.HomePageTest@483f6d77]" started-at="2024-04-18T10:55:53 IST" name="setup" finished-at="2024-04-18T10:56:01 IST" duration-ms="8042" status="PASS">
          <params>
            <param index="0">
              <value>
                <![CDATA[Chrome]]>
              </value>
            </param>
            <param index="1">
              <value>
                <![CDATA[https://demowebshop.tricentis.com/]]>
              </value>
            </param>
          </params>
          <reporter-output>
          </reporter-output>
        </test-method> <!-- setup -->
        <test-method retried="true" signature="verifyHomePageTittle()[pri:1, instance:test.HomePageTest@483f6d77]" started-at="2024-04-18T10:56:01 IST" name="verifyHomePageTittle" finished-at="2024-04-18T10:56:02 IST" duration-ms="895" status="SKIP">
          <exception class="java.lang.AssertionError">
            <message>
              <![CDATA[invalid tittle expected [Demo Web Shop123] but found [Demo Web Shop]]]>
            </message>
            <full-stacktrace>
              <![CDATA[java.lang.AssertionError: invalid tittle expected [Demo Web Shop123] but found [Demo Web Shop]
at org.testng.Assert.fail(Assert.java:111)
at org.testng.Assert.failNotEquals(Assert.java:1578)
at org.testng.Assert.assertEqualsImpl(Assert.java:150)
at org.testng.Assert.assertEquals(Assert.java:132)
at org.testng.Assert.assertEquals(Assert.java:656)
at test.HomePageTest.verifyHomePageTittle(HomePageTest.java:23)
at java.base/jdk.internal.reflect.NativeMethodAccessorImpl.invoke0(Native Method)
at java.base/jdk.internal.reflect.NativeMethodAccessorImpl.invoke(NativeMethodAccessorImpl.java:77)
at java.base/jdk.internal.reflect.DelegatingMethodAccessorImpl.invoke(DelegatingMethodAccessorImpl.java:43)
at java.base/java.lang.reflect.Method.invoke(Method.java:568)
at org.testng.internal.invokers.MethodInvocationHelper.invokeMethod(MethodInvocationHelper.java:139)
at org.testng.internal.invokers.TestInvoker.invokeMethod(TestInvoker.java:664)
at org.testng.internal.invokers.TestInvoker.invokeTestMethod(TestInvoker.java:227)
at org.testng.internal.invokers.MethodRunner.runInSequence(MethodRunner.java:50)
at org.testng.internal.invokers.TestInvoker$MethodInvocationAgent.invoke(TestInvoker.java:957)
at org.testng.internal.invokers.TestInvoker.invokeTestMethods(TestInvoker.java:200)
at org.testng.internal.invokers.TestMethodWorker.invokeTestMethods(TestMethodWorker.java:148)
at org.testng.internal.invokers.TestMethodWorker.run(TestMethodWorker.java:128)
at java.base/java.util.ArrayList.forEach(ArrayList.java:1511)
at org.testng.TestRunner.privateRun(TestRunner.java:848)
at org.testng.TestRunner.run(TestRunner.java:621)
at org.testng.SuiteRunner.runTest(SuiteRunner.java:443)
at org.testng.SuiteRunner.runSequentially(SuiteRunner.java:437)
at org.testng.SuiteRunner.privateRun(SuiteRunner.java:397)
at org.testng.SuiteRunner.run(SuiteRunner.java:336)
at org.testng.SuiteRunnerWorker.runSuite(SuiteRunnerWorker.java:52)
at org.testng.SuiteRunnerWorker.run(SuiteRunnerWorker.java:95)
at org.testng.TestNG.runSuitesSequentially(TestNG.java:1280)
at org.testng.TestNG.runSuitesLocally(TestNG.java:1200)
at org.testng.TestNG.runSuites(TestNG.java:1114)
at org.testng.TestNG.run(TestNG.java:1082)
at org.testng.remote.AbstractRemoteTestNG.run(AbstractRemoteTestNG.java:115)
at org.testng.remote.RemoteTestNG.initAndRun(RemoteTestNG.java:251)
at org.testng.remote.RemoteTestNG.main(RemoteTestNG.java:77)
]]>
            </full-stacktrace>
          </exception> <!-- java.lang.AssertionError -->
          <reporter-output>
          </reporter-output>
        </test-method> <!-- verifyHomePageTittle -->
        <test-method is-config="true" signature="closeBrowser(org.testng.ITestResult)[pri:0, instance:test.HomePageTest@483f6d77]" started-at="2024-04-18T10:56:02 IST" name="closeBrowser" finished-at="2024-04-18T10:56:03 IST" duration-ms="335" status="PASS">
          <params>
            <param index="0">
              <value>
                <![CDATA[[TestResult name=verifyHomePageTittle status=SKIP method=HomePageTest.verifyHomePageTittle()[pri:1, instance:test.HomePageTest@483f6d77] output={null}]]]>
              </value>
            </param>
          </params>
          <reporter-output>
          </reporter-output>
        </test-method> <!-- closeBrowser -->
        <test-method is-config="true" signature="setup(java.lang.String,java.lang.String)[pri:0, instance:test.HomePageTest@483f6d77]" started-at="2024-04-18T10:56:03 IST" name="setup" finished-at="2024-04-18T10:56:07 IST" duration-ms="4650" status="PASS">
          <params>
            <param index="0">
              <value>
                <![CDATA[Chrome]]>
              </value>
            </param>
            <param index="1">
              <value>
                <![CDATA[https://demowebshop.tricentis.com/]]>
              </value>
            </param>
          </params>
          <reporter-output>
          </reporter-output>
        </test-method> <!-- setup -->
        <test-method retried="true" signature="verifyHomePageTittle()[pri:1, instance:test.HomePageTest@483f6d77]" started-at="2024-04-18T10:56:07 IST" name="verifyHomePageTittle" finished-at="2024-04-18T10:56:07 IST" duration-ms="92" status="SKIP">
          <exception class="java.lang.AssertionError">
            <message>
              <![CDATA[invalid tittle expected [Demo Web Shop123] but found [Demo Web Shop]]]>
            </message>
            <full-stacktrace>
              <![CDATA[java.lang.AssertionError: invalid tittle expected [Demo Web Shop123] but found [Demo Web Shop]
at org.testng.Assert.fail(Assert.java:111)
at org.testng.Assert.failNotEquals(Assert.java:1578)
at org.testng.Assert.assertEqualsImpl(Assert.java:150)
at org.testng.Assert.assertEquals(Assert.java:132)
at org.testng.Assert.assertEquals(Assert.java:656)
at test.HomePageTest.verifyHomePageTittle(HomePageTest.java:23)
at java.base/jdk.internal.reflect.NativeMethodAccessorImpl.invoke0(Native Method)
at java.base/jdk.internal.reflect.NativeMethodAccessorImpl.invoke(NativeMethodAccessorImpl.java:77)
at java.base/jdk.internal.reflect.DelegatingMethodAccessorImpl.invoke(DelegatingMethodAccessorImpl.java:43)
at java.base/java.lang.reflect.Method.invoke(Method.java:568)
at org.testng.internal.invokers.MethodInvocationHelper.invokeMethod(MethodInvocationHelper.java:139)
at org.testng.internal.invokers.TestInvoker.invokeMethod(TestInvoker.java:664)
at org.testng.internal.invokers.TestInvoker.retryFailed(TestInvoker.java:248)
at org.testng.internal.invokers.MethodRunner.runInSequence(MethodRunner.java:62)
at org.testng.internal.invokers.TestInvoker$MethodInvocationAgent.invoke(TestInvoker.java:957)
at org.testng.internal.invokers.TestInvoker.invokeTestMethods(TestInvoker.java:200)
at org.testng.internal.invokers.TestMethodWorker.invokeTestMethods(TestMethodWorker.java:148)
at org.testng.internal.invokers.TestMethodWorker.run(TestMethodWorker.java:128)
at java.base/java.util.ArrayList.forEach(ArrayList.java:1511)
at org.testng.TestRunner.privateRun(TestRunner.java:848)
at org.testng.TestRunner.run(TestRunner.java:621)
at org.testng.SuiteRunner.runTest(SuiteRunner.java:443)
at org.testng.SuiteRunner.runSequentially(SuiteRunner.java:437)
at org.testng.SuiteRunner.privateRun(SuiteRunner.java:397)
at org.testng.SuiteRunner.run(SuiteRunner.java:336)
at org.testng.SuiteRunnerWorker.runSuite(SuiteRunnerWorker.java:52)
at org.testng.SuiteRunnerWorker.run(SuiteRunnerWorker.java:95)
at org.testng.TestNG.runSuitesSequentially(TestNG.java:1280)
at org.testng.TestNG.runSuitesLocally(TestNG.java:1200)
at org.testng.TestNG.runSuites(TestNG.java:1114)
at org.testng.TestNG.run(TestNG.java:1082)
at org.testng.remote.AbstractRemoteTestNG.run(AbstractRemoteTestNG.java:115)
at org.testng.remote.RemoteTestNG.initAndRun(RemoteTestNG.java:251)
at org.testng.remote.RemoteTestNG.main(RemoteTestNG.java:77)
]]>
            </full-stacktrace>
          </exception> <!-- java.lang.AssertionError -->
          <reporter-output>
          </reporter-output>
        </test-method> <!-- verifyHomePageTittle -->
        <test-method is-config="true" signature="closeBrowser(org.testng.ITestResult)[pri:0, instance:test.HomePageTest@483f6d77]" started-at="2024-04-18T10:56:07 IST" name="closeBrowser" finished-at="2024-04-18T10:56:08 IST" duration-ms="187" status="PASS">
          <params>
            <param index="0">
              <value>
                <![CDATA[[TestResult name=verifyHomePageTittle status=SKIP method=HomePageTest.verifyHomePageTittle()[pri:1, instance:test.HomePageTest@483f6d77] output={null}]]]>
              </value>
            </param>
          </params>
          <reporter-output>
          </reporter-output>
        </test-method> <!-- closeBrowser -->
        <test-method is-config="true" signature="setup(java.lang.String,java.lang.String)[pri:0, instance:test.HomePageTest@483f6d77]" started-at="2024-04-18T10:56:08 IST" name="setup" finished-at="2024-04-18T10:56:17 IST" duration-ms="9915" status="PASS">
          <params>
            <param index="0">
              <value>
                <![CDATA[Chrome]]>
              </value>
            </param>
            <param index="1">
              <value>
                <![CDATA[https://demowebshop.tricentis.com/]]>
              </value>
            </param>
          </params>
          <reporter-output>
          </reporter-output>
        </test-method> <!-- setup -->
        <test-method retried="true" signature="verifyHomePageTittle()[pri:1, instance:test.HomePageTest@483f6d77]" started-at="2024-04-18T10:56:17 IST" name="verifyHomePageTittle" finished-at="2024-04-18T10:56:18 IST" duration-ms="84" status="SKIP">
          <exception class="java.lang.AssertionError">
            <message>
              <![CDATA[invalid tittle expected [Demo Web Shop123] but found [Demo Web Shop]]]>
            </message>
            <full-stacktrace>
              <![CDATA[java.lang.AssertionError: invalid tittle expected [Demo Web Shop123] but found [Demo Web Shop]
at org.testng.Assert.fail(Assert.java:111)
at org.testng.Assert.failNotEquals(Assert.java:1578)
at org.testng.Assert.assertEqualsImpl(Assert.java:150)
at org.testng.Assert.assertEquals(Assert.java:132)
at org.testng.Assert.assertEquals(Assert.java:656)
at test.HomePageTest.verifyHomePageTittle(HomePageTest.java:23)
at java.base/jdk.internal.reflect.NativeMethodAccessorImpl.invoke0(Native Method)
at java.base/jdk.internal.reflect.NativeMethodAccessorImpl.invoke(NativeMethodAccessorImpl.java:77)
at java.base/jdk.internal.reflect.DelegatingMethodAccessorImpl.invoke(DelegatingMethodAccessorImpl.java:43)
at java.base/java.lang.reflect.Method.invoke(Method.java:568)
at org.testng.internal.invokers.MethodInvocationHelper.invokeMethod(MethodInvocationHelper.java:139)
at org.testng.internal.invokers.TestInvoker.invokeMethod(TestInvoker.java:664)
at org.testng.internal.invokers.TestInvoker.retryFailed(TestInvoker.java:248)
at org.testng.internal.invokers.MethodRunner.runInSequence(MethodRunner.java:62)
at org.testng.internal.invokers.TestInvoker$MethodInvocationAgent.invoke(TestInvoker.java:957)
at org.testng.internal.invokers.TestInvoker.invokeTestMethods(TestInvoker.java:200)
at org.testng.internal.invokers.TestMethodWorker.invokeTestMethods(TestMethodWorker.java:148)
at org.testng.internal.invokers.TestMethodWorker.run(TestMethodWorker.java:128)
at java.base/java.util.ArrayList.forEach(ArrayList.java:1511)
at org.testng.TestRunner.privateRun(TestRunner.java:848)
at org.testng.TestRunner.run(TestRunner.java:621)
at org.testng.SuiteRunner.runTest(SuiteRunner.java:443)
at org.testng.SuiteRunner.runSequentially(SuiteRunner.java:437)
at org.testng.SuiteRunner.privateRun(SuiteRunner.java:397)
at org.testng.SuiteRunner.run(SuiteRunner.java:336)
at org.testng.SuiteRunnerWorker.runSuite(SuiteRunnerWorker.java:52)
at org.testng.SuiteRunnerWorker.run(SuiteRunnerWorker.java:95)
at org.testng.TestNG.runSuitesSequentially(TestNG.java:1280)
at org.testng.TestNG.runSuitesLocally(TestNG.java:1200)
at org.testng.TestNG.runSuites(TestNG.java:1114)
at org.testng.TestNG.run(TestNG.java:1082)
at org.testng.remote.AbstractRemoteTestNG.run(AbstractRemoteTestNG.java:115)
at org.testng.remote.RemoteTestNG.initAndRun(RemoteTestNG.java:251)
at org.testng.remote.RemoteTestNG.main(RemoteTestNG.java:77)
]]>
            </full-stacktrace>
          </exception> <!-- java.lang.AssertionError -->
          <reporter-output>
          </reporter-output>
        </test-method> <!-- verifyHomePageTittle -->
        <test-method is-config="true" signature="closeBrowser(org.testng.ITestResult)[pri:0, instance:test.HomePageTest@483f6d77]" started-at="2024-04-18T10:56:18 IST" name="closeBrowser" finished-at="2024-04-18T10:56:18 IST" duration-ms="176" status="PASS">
          <params>
            <param index="0">
              <value>
                <![CDATA[[TestResult name=verifyHomePageTittle status=SKIP method=HomePageTest.verifyHomePageTittle()[pri:1, instance:test.HomePageTest@483f6d77] output={null}]]]>
              </value>
            </param>
          </params>
          <reporter-output>
          </reporter-output>
        </test-method> <!-- closeBrowser -->
        <test-method is-config="true" signature="setup(java.lang.String,java.lang.String)[pri:0, instance:test.HomePageTest@483f6d77]" started-at="2024-04-18T10:56:18 IST" name="setup" finished-at="2024-04-18T10:56:28 IST" duration-ms="9845" status="PASS">
          <params>
            <param index="0">
              <value>
                <![CDATA[Chrome]]>
              </value>
            </param>
            <param index="1">
              <value>
                <![CDATA[https://demowebshop.tricentis.com/]]>
              </value>
            </param>
          </params>
          <reporter-output>
          </reporter-output>
        </test-method> <!-- setup -->
        <test-method signature="verifyHomePageTittle()[pri:1, instance:test.HomePageTest@483f6d77]" started-at="2024-04-18T10:56:28 IST" name="verifyHomePageTittle" finished-at="2024-04-18T10:56:28 IST" duration-ms="90" status="FAIL">
          <exception class="java.lang.AssertionError">
            <message>
              <![CDATA[invalid tittle expected [Demo Web Shop123] but found [Demo Web Shop]]]>
            </message>
            <full-stacktrace>
              <![CDATA[java.lang.AssertionError: invalid tittle expected [Demo Web Shop123] but found [Demo Web Shop]
at org.testng.Assert.fail(Assert.java:111)
at org.testng.Assert.failNotEquals(Assert.java:1578)
at org.testng.Assert.assertEqualsImpl(Assert.java:150)
at org.testng.Assert.assertEquals(Assert.java:132)
at org.testng.Assert.assertEquals(Assert.java:656)
at test.HomePageTest.verifyHomePageTittle(HomePageTest.java:23)
at java.base/jdk.internal.reflect.NativeMethodAccessorImpl.invoke0(Native Method)
at java.base/jdk.internal.reflect.NativeMethodAccessorImpl.invoke(NativeMethodAccessorImpl.java:77)
at java.base/jdk.internal.reflect.DelegatingMethodAccessorImpl.invoke(DelegatingMethodAccessorImpl.java:43)
at java.base/java.lang.reflect.Method.invoke(Method.java:568)
at org.testng.internal.invokers.MethodInvocationHelper.invokeMethod(MethodInvocationHelper.java:139)
at org.testng.internal.invokers.TestInvoker.invokeMethod(TestInvoker.java:664)
at org.testng.internal.invokers.TestInvoker.retryFailed(TestInvoker.java:248)
at org.testng.internal.invokers.MethodRunner.runInSequence(MethodRunner.java:62)
at org.testng.internal.invokers.TestInvoker$MethodInvocationAgent.invoke(TestInvoker.java:957)
at org.testng.internal.invokers.TestInvoker.invokeTestMethods(TestInvoker.java:200)
at org.testng.internal.invokers.TestMethodWorker.invokeTestMethods(TestMethodWorker.java:148)
at org.testng.internal.invokers.TestMethodWorker.run(TestMethodWorker.java:128)
at java.base/java.util.ArrayList.forEach(ArrayList.java:1511)
at org.testng.TestRunner.privateRun(TestRunner.java:848)
at org.testng.TestRunner.run(TestRunner.java:621)
at org.testng.SuiteRunner.runTest(SuiteRunner.java:443)
at org.testng.SuiteRunner.runSequentially(SuiteRunner.java:437)
at org.testng.SuiteRunner.privateRun(SuiteRunner.java:397)
at org.testng.SuiteRunner.run(SuiteRunner.java:336)
at org.testng.SuiteRunnerWorker.runSuite(SuiteRunnerWorker.java:52)
at org.testng.SuiteRunnerWorker.run(SuiteRunnerWorker.java:95)
at org.testng.TestNG.runSuitesSequentially(TestNG.java:1280)
at org.testng.TestNG.runSuitesLocally(TestNG.java:1200)
at org.testng.TestNG.runSuites(TestNG.java:1114)
at org.testng.TestNG.run(TestNG.java:1082)
at org.testng.remote.AbstractRemoteTestNG.run(AbstractRemoteTestNG.java:115)
at org.testng.remote.RemoteTestNG.initAndRun(RemoteTestNG.java:251)
at org.testng.remote.RemoteTestNG.main(RemoteTestNG.java:77)
]]>
            </full-stacktrace>
          </exception> <!-- java.lang.AssertionError -->
          <reporter-output>
          </reporter-output>
        </test-method> <!-- verifyHomePageTittle -->
        <test-method is-config="true" signature="closeBrowser(org.testng.ITestResult)[pri:0, instance:test.HomePageTest@483f6d77]" started-at="2024-04-18T10:56:28 IST" name="closeBrowser" finished-at="2024-04-18T10:56:28 IST" duration-ms="454" status="PASS">
          <params>
            <param index="0">
              <value>
                <![CDATA[[TestResult name=verifyHomePageTittle status=FAILURE method=HomePageTest.verifyHomePageTittle()[pri:1, instance:test.HomePageTest@483f6d77] output={null}]]]>
              </value>
            </param>
          </params>
          <reporter-output>
          </reporter-output>
        </test-method> <!-- closeBrowser -->
        <test-method is-config="true" signature="setup(java.lang.String,java.lang.String)[pri:0, instance:test.HomePageTest@483f6d77]" started-at="2024-04-18T10:56:28 IST" name="setup" finished-at="2024-04-18T10:56:33 IST" duration-ms="5011" status="PASS">
          <params>
            <param index="0">
              <value>
                <![CDATA[Chrome]]>
              </value>
            </param>
            <param index="1">
              <value>
                <![CDATA[https://demowebshop.tricentis.com/]]>
              </value>
            </param>
          </params>
          <reporter-output>
          </reporter-output>
        </test-method> <!-- setup -->
        <test-method signature="verifyCommunityPoolSelection()[pri:2, instance:test.HomePageTest@483f6d77]" started-at="2024-04-18T10:56:33 IST" name="verifyCommunityPoolSelection" finished-at="2024-04-18T10:56:33 IST" duration-ms="236" status="PASS">
          <reporter-output>
          </reporter-output>
        </test-method> <!-- verifyCommunityPoolSelection -->
        <test-method is-config="true" signature="closeBrowser(org.testng.ITestResult)[pri:0, instance:test.HomePageTest@483f6d77]" started-at="2024-04-18T10:56:33 IST" name="closeBrowser" finished-at="2024-04-18T10:56:34 IST" duration-ms="219" status="PASS">
          <params>
            <param index="0">
              <value>
                <![CDATA[[TestResult name=verifyCommunityPoolSelection status=SUCCESS method=HomePageTest.verifyCommunityPoolSelection()[pri:2, instance:test.HomePageTest@483f6d77] output={null}]]]>
              </value>
            </param>
          </params>
          <reporter-output>
          </reporter-output>
        </test-method> <!-- closeBrowser -->
      </class> <!-- test.HomePageTest -->
      <class name="test.LoginPageTest">
        <test-method is-config="true" signature="setup(java.lang.String,java.lang.String)[pri:0, instance:test.LoginPageTest@56cdfb3b]" started-at="2024-04-18T10:56:34 IST" name="setup" finished-at="2024-04-18T10:56:43 IST" duration-ms="9484" status="PASS">
          <params>
            <param index="0">
              <value>
                <![CDATA[Chrome]]>
              </value>
            </param>
            <param index="1">
              <value>
                <![CDATA[https://demowebshop.tricentis.com/]]>
              </value>
            </param>
          </params>
          <reporter-output>
          </reporter-output>
        </test-method> <!-- setup -->
        <test-method signature="verifyLoginPageTittle()[pri:5, instance:test.LoginPageTest@56cdfb3b]" started-at="2024-04-18T10:56:43 IST" name="verifyLoginPageTittle" finished-at="2024-04-18T10:56:44 IST" duration-ms="867" status="PASS">
          <reporter-output>
          </reporter-output>
        </test-method> <!-- verifyLoginPageTittle -->
        <test-method is-config="true" signature="closeBrowser(org.testng.ITestResult)[pri:0, instance:test.LoginPageTest@56cdfb3b]" started-at="2024-04-18T10:56:44 IST" name="closeBrowser" finished-at="2024-04-18T10:56:44 IST" duration-ms="153" status="PASS">
          <params>
            <param index="0">
              <value>
                <![CDATA[[TestResult name=verifyLoginPageTittle status=SUCCESS method=LoginPageTest.verifyLoginPageTittle()[pri:5, instance:test.LoginPageTest@56cdfb3b] output={null}]]]>
              </value>
            </param>
          </params>
          <reporter-output>
          </reporter-output>
        </test-method> <!-- closeBrowser -->
        <test-method is-config="true" signature="setup(java.lang.String,java.lang.String)[pri:0, instance:test.LoginPageTest@56cdfb3b]" started-at="2024-04-18T10:56:44 IST" name="setup" finished-at="2024-04-18T10:56:54 IST" duration-ms="9822" status="PASS">
          <params>
            <param index="0">
              <value>
                <![CDATA[Chrome]]>
              </value>
            </param>
            <param index="1">
              <value>
                <![CDATA[https://demowebshop.tricentis.com/]]>
              </value>
            </param>
          </params>
          <reporter-output>
          </reporter-output>
        </test-method> <!-- setup -->
        <test-method signature="verifyUserLogin()[pri:6, instance:test.LoginPageTest@56cdfb3b]" started-at="2024-04-18T10:56:54 IST" name="verifyUserLogin" finished-at="2024-04-18T10:56:56 IST" duration-ms="2000" status="PASS">
          <reporter-output>
          </reporter-output>
        </test-method> <!-- verifyUserLogin -->
        <test-method is-config="true" signature="closeBrowser(org.testng.ITestResult)[pri:0, instance:test.LoginPageTest@56cdfb3b]" started-at="2024-04-18T10:56:56 IST" name="closeBrowser" finished-at="2024-04-18T10:56:56 IST" duration-ms="168" status="PASS">
          <params>
            <param index="0">
              <value>
                <![CDATA[[TestResult name=verifyUserLogin status=SUCCESS method=LoginPageTest.verifyUserLogin()[pri:6, instance:test.LoginPageTest@56cdfb3b] output={null}]]]>
              </value>
            </param>
          </params>
          <reporter-output>
          </reporter-output>
        </test-method> <!-- closeBrowser -->
        <test-method is-config="true" signature="setup(java.lang.String,java.lang.String)[pri:0, instance:test.LoginPageTest@56cdfb3b]" started-at="2024-04-18T10:56:56 IST" name="setup" finished-at="2024-04-18T10:57:01 IST" duration-ms="4458" status="PASS">
          <params>
            <param index="0">
              <value>
                <![CDATA[Chrome]]>
              </value>
            </param>
            <param index="1">
              <value>
                <![CDATA[https://demowebshop.tricentis.com/]]>
              </value>
            </param>
          </params>
          <reporter-output>
          </reporter-output>
        </test-method> <!-- setup -->
        <test-method signature="verifyUserLoginWithInvalidCredentials(java.lang.String,java.lang.String)[pri:7, instance:test.LoginPageTest@56cdfb3b]" started-at="2024-04-18T10:57:01 IST" name="verifyUserLoginWithInvalidCredentials" data-provider="InvalidUserCredentials" finished-at="2024-04-18T10:57:02 IST" duration-ms="1587" status="PASS">
          <params>
            <param index="0">
              <value>
                <![CDATA[shameemathasnim.ma123@gmail.com]]>
              </value>
            </param>
            <param index="1">
              <value>
                <![CDATA[shameema123]]>
              </value>
            </param>
          </params>
          <reporter-output>
          </reporter-output>
        </test-method> <!-- verifyUserLoginWithInvalidCredentials -->
        <test-method is-config="true" signature="closeBrowser(org.testng.ITestResult)[pri:0, instance:test.LoginPageTest@56cdfb3b]" started-at="2024-04-18T10:57:02 IST" name="closeBrowser" finished-at="2024-04-18T10:57:02 IST" duration-ms="199" status="PASS">
          <params>
            <param index="0">
              <value>
                <![CDATA[[TestResult name=verifyUserLoginWithInvalidCredentials status=SUCCESS method=LoginPageTest.verifyUserLoginWithInvalidCredentials(java.lang.String,java.lang.String)[pri:7, instance:test.LoginPageTest@56cdfb3b] output={null}]]]>
              </value>
            </param>
          </params>
          <reporter-output>
          </reporter-output>
        </test-method> <!-- closeBrowser -->
        <test-method is-config="true" signature="setup(java.lang.String,java.lang.String)[pri:0, instance:test.LoginPageTest@56cdfb3b]" started-at="2024-04-18T10:57:02 IST" name="setup" finished-at="2024-04-18T10:57:10 IST" duration-ms="7792" status="PASS">
          <params>
            <param index="0">
              <value>
                <![CDATA[Chrome]]>
              </value>
            </param>
            <param index="1">
              <value>
                <![CDATA[https://demowebshop.tricentis.com/]]>
              </value>
            </param>
          </params>
          <reporter-output>
          </reporter-output>
        </test-method> <!-- setup -->
        <test-method signature="verifyUserLoginWithInvalidCredentials(java.lang.String,java.lang.String)[pri:7, instance:test.LoginPageTest@56cdfb3b]" started-at="2024-04-18T10:57:10 IST" name="verifyUserLoginWithInvalidCredentials" data-provider="InvalidUserCredentials" finished-at="2024-04-18T10:57:12 IST" duration-ms="1627" status="PASS">
          <params>
            <param index="0">
              <value>
                <![CDATA[shameemathasnim.ma@gmail.com]]>
              </value>
            </param>
            <param index="1">
              <value>
                <![CDATA[shameema123]]>
              </value>
            </param>
          </params>
          <reporter-output>
          </reporter-output>
        </test-method> <!-- verifyUserLoginWithInvalidCredentials -->
        <test-method is-config="true" signature="closeBrowser(org.testng.ITestResult)[pri:0, instance:test.LoginPageTest@56cdfb3b]" started-at="2024-04-18T10:57:12 IST" name="closeBrowser" finished-at="2024-04-18T10:57:12 IST" duration-ms="226" status="PASS">
          <params>
            <param index="0">
              <value>
                <![CDATA[[TestResult name=verifyUserLoginWithInvalidCredentials status=SUCCESS method=LoginPageTest.verifyUserLoginWithInvalidCredentials(java.lang.String,java.lang.String)[pri:7, instance:test.LoginPageTest@56cdfb3b] output={null}]]]>
              </value>
            </param>
          </params>
          <reporter-output>
          </reporter-output>
        </test-method> <!-- closeBrowser -->
        <test-method is-config="true" signature="setup(java.lang.String,java.lang.String)[pri:0, instance:test.LoginPageTest@56cdfb3b]" started-at="2024-04-18T10:57:12 IST" name="setup" finished-at="2024-04-18T10:57:17 IST" duration-ms="4813" status="PASS">
          <params>
            <param index="0">
              <value>
                <![CDATA[Chrome]]>
              </value>
            </param>
            <param index="1">
              <value>
                <![CDATA[https://demowebshop.tricentis.com/]]>
              </value>
            </param>
          </params>
          <reporter-output>
          </reporter-output>
        </test-method> <!-- setup -->
        <test-method signature="verifyUserLoginWithInvalidCredentials(java.lang.String,java.lang.String)[pri:7, instance:test.LoginPageTest@56cdfb3b]" started-at="2024-04-18T10:57:17 IST" name="verifyUserLoginWithInvalidCredentials" data-provider="InvalidUserCredentials" finished-at="2024-04-18T10:57:18 IST" duration-ms="1539" status="PASS">
          <params>
            <param index="0">
              <value>
                <![CDATA[shameemathasnim.ma@gmail.com]]>
              </value>
            </param>
            <param index="1">
              <value>
                <![CDATA[Resiya123]]>
              </value>
            </param>
          </params>
          <reporter-output>
          </reporter-output>
        </test-method> <!-- verifyUserLoginWithInvalidCredentials -->
        <test-method is-config="true" signature="closeBrowser(org.testng.ITestResult)[pri:0, instance:test.LoginPageTest@56cdfb3b]" started-at="2024-04-18T10:57:18 IST" name="closeBrowser" finished-at="2024-04-18T10:57:19 IST" duration-ms="188" status="PASS">
          <params>
            <param index="0">
              <value>
                <![CDATA[[TestResult name=verifyUserLoginWithInvalidCredentials status=SUCCESS method=LoginPageTest.verifyUserLoginWithInvalidCredentials(java.lang.String,java.lang.String)[pri:7, instance:test.LoginPageTest@56cdfb3b] output={null}]]]>
              </value>
            </param>
          </params>
          <reporter-output>
          </reporter-output>
        </test-method> <!-- closeBrowser -->
      </class> <!-- test.LoginPageTest -->
    </test> <!-- Regression Test -->
  </suite> <!-- Functional Suite -->
</testng-results>
